  error: subprocess-exited-with-error
  
  × Building wheel for pillow (pyproject.toml) did not run successfully.
  │ exit code: 1
  ╰─> [216 lines of output]
      running bdist_wheel
      running build
      running build_py
      creating build
      creating build/lib.linux-armv7l-cpython-311
      creating build/lib.linux-armv7l-cpython-311/PIL
      copying src/PIL/BdfFontFile.py -> build/lib.linux-armv7l-cpython-311/PIL
      copying src/PIL/BlpImagePlugin.py -> build/lib.linux-armv7l-cpython-311/PIL
      copying src/PIL/BmpImagePlugin.py -> build/lib.linux-armv7l-cpython-311/PIL
      copying src/PIL/BufrStubImagePlugin.py -> build/lib.linux-armv7l-cpython-311/PIL
      copying src/PIL/ContainerIO.py -> build/lib.linux-armv7l-cpython-311/PIL
      copying src/PIL/CurImagePlugin.py -> build/lib.linux-armv7l-cpython-311/PIL
      copying src/PIL/DcxImagePlugin.py -> build/lib.linux-armv7l-cpython-311/PIL
      copying src/PIL/DdsImagePlugin.py -> build/lib.linux-armv7l-cpython-311/PIL
      copying src/PIL/EpsImagePlugin.py -> build/lib.linux-armv7l-cpython-311/PIL
      copying src/PIL/ExifTags.py -> build/lib.linux-armv7l-cpython-311/PIL
      copying src/PIL/FitsImagePlugin.py -> build/lib.linux-armv7l-cpython-311/PIL
      copying src/PIL/FliImagePlugin.py -> build/lib.linux-armv7l-cpython-311/PIL
      copying src/PIL/FontFile.py -> build/lib.linux-armv7l-cpython-311/PIL
      copying src/PIL/FpxImagePlugin.py -> build/lib.linux-armv7l-cpython-311/PIL
      copying src/PIL/FtexImagePlugin.py -> build/lib.linux-armv7l-cpython-311/PIL
      copying src/PIL/GbrImagePlugin.py -> build/lib.linux-armv7l-cpython-311/PIL
      copying src/PIL/GdImageFile.py -> build/lib.linux-armv7l-cpython-311/PIL
      copying src/PIL/GifImagePlugin.py -> build/lib.linux-armv7l-cpython-311/PIL
      copying src/PIL/GimpGradientFile.py -> build/lib.linux-armv7l-cpython-311/PIL
      copying src/PIL/GimpPaletteFile.py -> build/lib.linux-armv7l-cpython-311/PIL
      copying src/PIL/GribStubImagePlugin.py -> build/lib.linux-armv7l-cpython-311/PIL
      copying src/PIL/Hdf5StubImagePlugin.py -> build/lib.linux-armv7l-cpython-311/PIL
      copying src/PIL/IcnsImagePlugin.py -> build/lib.linux-armv7l-cpython-311/PIL
      copying src/PIL/IcoImagePlugin.py -> build/lib.linux-armv7l-cpython-311/PIL
      copying src/PIL/ImImagePlugin.py -> build/lib.linux-armv7l-cpython-311/PIL
      copying src/PIL/Image.py -> build/lib.linux-armv7l-cpython-311/PIL
      copying src/PIL/ImageChops.py -> build/lib.linux-armv7l-cpython-311/PIL
      copying src/PIL/ImageCms.py -> build/lib.linux-armv7l-cpython-311/PIL
      copying src/PIL/ImageColor.py -> build/lib.linux-armv7l-cpython-311/PIL
      copying src/PIL/ImageDraw.py -> build/lib.linux-armv7l-cpython-311/PIL
      copying src/PIL/ImageDraw2.py -> build/lib.linux-armv7l-cpython-311/PIL
      copying src/PIL/ImageEnhance.py -> build/lib.linux-armv7l-cpython-311/PIL
      copying src/PIL/ImageFile.py -> build/lib.linux-armv7l-cpython-311/PIL
      copying src/PIL/ImageFilter.py -> build/lib.linux-armv7l-cpython-311/PIL
      copying src/PIL/ImageFont.py -> build/lib.linux-armv7l-cpython-311/PIL
      copying src/PIL/ImageGrab.py -> build/lib.linux-armv7l-cpython-311/PIL
      copying src/PIL/ImageMath.py -> build/lib.linux-armv7l-cpython-311/PIL
      copying src/PIL/ImageMode.py -> build/lib.linux-armv7l-cpython-311/PIL
      copying src/PIL/ImageMorph.py -> build/lib.linux-armv7l-cpython-311/PIL
      copying src/PIL/ImageOps.py -> build/lib.linux-armv7l-cpython-311/PIL
      copying src/PIL/ImagePalette.py -> build/lib.linux-armv7l-cpython-311/PIL
      copying src/PIL/ImagePath.py -> build/lib.linux-armv7l-cpython-311/PIL
      copying src/PIL/ImageQt.py -> build/lib.linux-armv7l-cpython-311/PIL
      copying src/PIL/ImageSequence.py -> build/lib.linux-armv7l-cpython-311/PIL
      copying src/PIL/ImageShow.py -> build/lib.linux-armv7l-cpython-311/PIL
      copying src/PIL/ImageStat.py -> build/lib.linux-armv7l-cpython-311/PIL
      copying src/PIL/ImageTk.py -> build/lib.linux-armv7l-cpython-311/PIL
      copying src/PIL/ImageTransform.py -> build/lib.linux-armv7l-cpython-311/PIL
      copying src/PIL/ImageWin.py -> build/lib.linux-armv7l-cpython-311/PIL
      copying src/PIL/ImtImagePlugin.py -> build/lib.linux-armv7l-cpython-311/PIL
      copying src/PIL/IptcImagePlugin.py -> build/lib.linux-armv7l-cpython-311/PIL
      copying src/PIL/Jpeg2KImagePlugin.py -> build/lib.linux-armv7l-cpython-311/PIL
      copying src/PIL/JpegImagePlugin.py -> build/lib.linux-armv7l-cpython-311/PIL
      copying src/PIL/JpegPresets.py -> build/lib.linux-armv7l-cpython-311/PIL
      copying src/PIL/McIdasImagePlugin.py -> build/lib.linux-armv7l-cpython-311/PIL
      copying src/PIL/MicImagePlugin.py -> build/lib.linux-armv7l-cpython-311/PIL
      copying src/PIL/MpegImagePlugin.py -> build/lib.linux-armv7l-cpython-311/PIL
      copying src/PIL/MpoImagePlugin.py -> build/lib.linux-armv7l-cpython-311/PIL
      copying src/PIL/MspImagePlugin.py -> build/lib.linux-armv7l-cpython-311/PIL
      copying src/PIL/PSDraw.py -> build/lib.linux-armv7l-cpython-311/PIL
      copying src/PIL/PaletteFile.py -> build/lib.linux-armv7l-cpython-311/PIL
      copying src/PIL/PalmImagePlugin.py -> build/lib.linux-armv7l-cpython-311/PIL
      copying src/PIL/PcdImagePlugin.py -> build/lib.linux-armv7l-cpython-311/PIL
      copying src/PIL/PcfFontFile.py -> build/lib.linux-armv7l-cpython-311/PIL
      copying src/PIL/PcxImagePlugin.py -> build/lib.linux-armv7l-cpython-311/PIL
      copying src/PIL/PdfImagePlugin.py -> build/lib.linux-armv7l-cpython-311/PIL
      copying src/PIL/PdfParser.py -> build/lib.linux-armv7l-cpython-311/PIL
      copying src/PIL/PixarImagePlugin.py -> build/lib.linux-armv7l-cpython-311/PIL
      copying src/PIL/PngImagePlugin.py -> build/lib.linux-armv7l-cpython-311/PIL
      copying src/PIL/PpmImagePlugin.py -> build/lib.linux-armv7l-cpython-311/PIL
      copying src/PIL/PsdImagePlugin.py -> build/lib.linux-armv7l-cpython-311/PIL
      copying src/PIL/PyAccess.py -> build/lib.linux-armv7l-cpython-311/PIL
      copying src/PIL/QoiImagePlugin.py -> build/lib.linux-armv7l-cpython-311/PIL
      copying src/PIL/SgiImagePlugin.py -> build/lib.linux-armv7l-cpython-311/PIL
      copying src/PIL/SpiderImagePlugin.py -> build/lib.linux-armv7l-cpython-311/PIL
      copying src/PIL/SunImagePlugin.py -> build/lib.linux-armv7l-cpython-311/PIL
      copying src/PIL/TarIO.py -> build/lib.linux-armv7l-cpython-311/PIL
      copying src/PIL/TgaImagePlugin.py -> build/lib.linux-armv7l-cpython-311/PIL
      copying src/PIL/TiffImagePlugin.py -> build/lib.linux-armv7l-cpython-311/PIL
      copying src/PIL/TiffTags.py -> build/lib.linux-armv7l-cpython-311/PIL
      copying src/PIL/WalImageFile.py -> build/lib.linux-armv7l-cpython-311/PIL
      copying src/PIL/WebPImagePlugin.py -> build/lib.linux-armv7l-cpython-311/PIL
      copying src/PIL/WmfImagePlugin.py -> build/lib.linux-armv7l-cpython-311/PIL
      copying src/PIL/XVThumbImagePlugin.py -> build/lib.linux-armv7l-cpython-311/PIL
      copying src/PIL/XbmImagePlugin.py -> build/lib.linux-armv7l-cpython-311/PIL
      copying src/PIL/XpmImagePlugin.py -> build/lib.linux-armv7l-cpython-311/PIL
      copying src/PIL/__init__.py -> build/lib.linux-armv7l-cpython-311/PIL
      copying src/PIL/__main__.py -> build/lib.linux-armv7l-cpython-311/PIL
      copying src/PIL/_binary.py -> build/lib.linux-armv7l-cpython-311/PIL
      copying src/PIL/_deprecate.py -> build/lib.linux-armv7l-cpython-311/PIL
      copying src/PIL/_tkinter_finder.py -> build/lib.linux-armv7l-cpython-311/PIL
      copying src/PIL/_typing.py -> build/lib.linux-armv7l-cpython-311/PIL
      copying src/PIL/_util.py -> build/lib.linux-armv7l-cpython-311/PIL
      copying src/PIL/_version.py -> build/lib.linux-armv7l-cpython-311/PIL
      copying src/PIL/features.py -> build/lib.linux-armv7l-cpython-311/PIL
      copying src/PIL/report.py -> build/lib.linux-armv7l-cpython-311/PIL
      running egg_info
      writing src/pillow.egg-info/PKG-INFO
      writing dependency_links to src/pillow.egg-info/dependency_links.txt
      writing requirements to src/pillow.egg-info/requires.txt
      writing top-level names to src/pillow.egg-info/top_level.txt
      reading manifest file 'src/pillow.egg-info/SOURCES.txt'
      reading manifest template 'MANIFEST.in'
      warning: no files found matching '*.c'
      warning: no files found matching '*.h'
      warning: no files found matching '*.sh'
      warning: no files found matching '*.txt'
      warning: no files found matching '.flake8'
      warning: no previously-included files found matching '.appveyor.yml'
      warning: no previously-included files found matching '.clang-format'
      warning: no previously-included files found matching '.coveragerc'
      warning: no previously-included files found matching '.editorconfig'
      warning: no previously-included files found matching '.readthedocs.yml'
      warning: no previously-included files found matching 'codecov.yml'
      warning: no previously-included files found matching 'renovate.json'
      warning: no previously-included files matching '.git*' found anywhere in distribution
      warning: no previously-included files matching '*.so' found anywhere in distribution
      no previously-included directories found matching '.ci'
      no previously-included directories found matching 'wheels'
      adding license file 'LICENSE'
      writing manifest file 'src/pillow.egg-info/SOURCES.txt'
      copying src/PIL/_imaging.pyi -> build/lib.linux-armv7l-cpython-311/PIL
      copying src/PIL/_imagingcms.pyi -> build/lib.linux-armv7l-cpython-311/PIL
      copying src/PIL/_imagingft.pyi -> build/lib.linux-armv7l-cpython-311/PIL
      copying src/PIL/_imagingmath.pyi -> build/lib.linux-armv7l-cpython-311/PIL
      copying src/PIL/_imagingmorph.pyi -> build/lib.linux-armv7l-cpython-311/PIL
      copying src/PIL/_webp.pyi -> build/lib.linux-armv7l-cpython-311/PIL
      copying src/PIL/py.typed -> build/lib.linux-armv7l-cpython-311/PIL
      running build_ext
      
      
      The headers or library files could not be found for zlib,
      a required dependency when compiling Pillow from source.
      
      Please see the install instructions at:
         https://pillow.readthedocs.io/en/latest/installation.html
      
      Traceback (most recent call last):
        File "<string>", line 1009, in <module>
        File "/tmp/pip-build-env-ud59601y/overlay/lib/python3.11/site-packages/setuptools/__init__.py", line 104, in setup
          return distutils.core.setup(**attrs)
                 ^^^^^^^^^^^^^^^^^^^^^^^^^^^^^
        File "/tmp/pip-build-env-ud59601y/overlay/lib/python3.11/site-packages/setuptools/_distutils/core.py", line 185, in setup
          return run_commands(dist)
                 ^^^^^^^^^^^^^^^^^^
        File "/tmp/pip-build-env-ud59601y/overlay/lib/python3.11/site-packages/setuptools/_distutils/core.py", line 201, in run_commands
          dist.run_commands()
        File "/tmp/pip-build-env-ud59601y/overlay/lib/python3.11/site-packages/setuptools/_distutils/dist.py", line 969, in run_commands
          self.run_command(cmd)
        File "/tmp/pip-build-env-ud59601y/overlay/lib/python3.11/site-packages/setuptools/dist.py", line 967, in run_command
          super().run_command(command)
        File "/tmp/pip-build-env-ud59601y/overlay/lib/python3.11/site-packages/setuptools/_distutils/dist.py", line 988, in run_command
          cmd_obj.run()
        File "/tmp/pip-build-env-ud59601y/normal/lib/python3.11/site-packages/wheel/bdist_wheel.py", line 368, in run
          self.run_command("build")
        File "/tmp/pip-build-env-ud59601y/overlay/lib/python3.11/site-packages/setuptools/_distutils/cmd.py", line 318, in run_command
          self.distribution.run_command(command)
        File "/tmp/pip-build-env-ud59601y/overlay/lib/python3.11/site-packages/setuptools/dist.py", line 967, in run_command
          super().run_command(command)
        File "/tmp/pip-build-env-ud59601y/overlay/lib/python3.11/site-packages/setuptools/_distutils/dist.py", line 988, in run_command
          cmd_obj.run()
        File "/tmp/pip-build-env-ud59601y/overlay/lib/python3.11/site-packages/setuptools/_distutils/command/build.py", line 131, in run
          self.run_command(cmd_name)
        File "/tmp/pip-build-env-ud59601y/overlay/lib/python3.11/site-packages/setuptools/_distutils/cmd.py", line 318, in run_command
          self.distribution.run_command(command)
        File "/tmp/pip-build-env-ud59601y/overlay/lib/python3.11/site-packages/setuptools/dist.py", line 967, in run_command
          super().run_command(command)
        File "/tmp/pip-build-env-ud59601y/overlay/lib/python3.11/site-packages/setuptools/_distutils/dist.py", line 988, in run_command
          cmd_obj.run()
        File "/tmp/pip-build-env-ud59601y/overlay/lib/python3.11/site-packages/setuptools/command/build_ext.py", line 91, in run
          _build_ext.run(self)
        File "/tmp/pip-build-env-ud59601y/overlay/lib/python3.11/site-packages/setuptools/_distutils/command/build_ext.py", line 345, in run
          self.build_extensions()
        File "<string>", line 826, in build_extensions
      RequiredDependencyException: zlib
      
      During handling of the above exception, another exception occurred:
      
      Traceback (most recent call last):
        File "/home/jayson/enose_thesis/enose_env/lib/python3.11/site-packages/pip/_vendor/pyproject_hooks/_in_process/_in_process.py", line 353, in <module>
          main()
        File "/home/jayson/enose_thesis/enose_env/lib/python3.11/site-packages/pip/_vendor/pyproject_hooks/_in_process/_in_process.py", line 335, in main
          json_out['return_val'] = hook(**hook_input['kwargs'])
                                   ^^^^^^^^^^^^^^^^^^^^^^^^^^^^
        File "/home/jayson/enose_thesis/enose_env/lib/python3.11/site-packages/pip/_vendor/pyproject_hooks/_in_process/_in_process.py", line 251, in build_wheel
          return _build_backend().build_wheel(wheel_directory, config_settings,
                 ^^^^^^^^^^^^^^^^^^^^^^^^^^^^^^^^^^^^^^^^^^^^^^^^^^^^^^^^^^^^^^
        File "/tmp/pip-install-evvwf2tl/pillow_d892adc5e1714b068568205c03e6aec5/_custom_build/backend.py", line 26, in build_wheel
          return super().build_wheel(wheel_directory, config_settings, metadata_directory)
                 ^^^^^^^^^^^^^^^^^^^^^^^^^^^^^^^^^^^^^^^^^^^^^^^^^^^^^^^^^^^^^^^^^^^^^^^^^
        File "/tmp/pip-build-env-ud59601y/overlay/lib/python3.11/site-packages/setuptools/build_meta.py", line 410, in build_wheel
          return self._build_with_temp_dir(
                 ^^^^^^^^^^^^^^^^^^^^^^^^^^
        File "/tmp/pip-build-env-ud59601y/overlay/lib/python3.11/site-packages/setuptools/build_meta.py", line 395, in _build_with_temp_dir
          self.run_setup()
        File "/tmp/pip-install-evvwf2tl/pillow_d892adc5e1714b068568205c03e6aec5/_custom_build/backend.py", line 20, in run_setup
          return super().run_setup(setup_script)
                 ^^^^^^^^^^^^^^^^^^^^^^^^^^^^^^^
        File "/tmp/pip-build-env-ud59601y/overlay/lib/python3.11/site-packages/setuptools/build_meta.py", line 311, in run_setup
          exec(code, locals())
        File "<string>", line 1025, in <module>
      RequiredDependencyException:
      
      The headers or library files could not be found for zlib,
      a required dependency when compiling Pillow from source.
      
      Please see the install instructions at:
         https://pillow.readthedocs.io/en/latest/installation.html
      
      
      [end of output]
  
  note: This error originates from a subprocess, and is likely not a problem with pip.
  ERROR: Failed building wheel for pillow
  error: subprocess-exited-with-error
  
  × Building wheel for spidev (pyproject.toml) did not run successfully.
  │ exit code: 1
  ╰─> [27 lines of output]
      /tmp/pip-build-env-uiq11cha/overlay/lib/python3.11/site-packages/setuptools/dist.py:476: SetuptoolsDeprecationWarning: Invalid dash-separated options
      !!
      
              ********************************************************************************
              Usage of dash-separated 'description-file' will not be supported in future
              versions. Please use the underscore name 'description_file' instead.
      
              By 2024-Sep-26, you need to update your project and remove deprecated calls
              or your builds will no longer be supported.
      
              See https://setuptools.pypa.io/en/latest/userguide/declarative_config.html for details.
              ********************************************************************************
      
      !!
        opt = self.warn_dash_deprecation(opt, section)
      running bdist_wheel
      running build
      running build_ext
      building 'spidev' extension
      creating build
      creating build/temp.linux-armv7l-cpython-311
      arm-linux-gnueabihf-gcc -Wsign-compare -DNDEBUG -g -fwrapv -O2 -Wall -g -fstack-protector-strong -Wformat -Werror=format-security -g -fwrapv -O2 -fPIC -I/home/jayson/enose_thesis/enose_env/include -I/usr/include/python3.11 -c spidev_module.c -o build/temp.linux-armv7l-cpython-311/spidev_module.o
      spidev_module.c:28:10: fatal error: Python.h: No such file or directory
         28 | #include <Python.h>
            |          ^~~~~~~~~~
      compilation terminated.
      error: command '/usr/bin/arm-linux-gnueabihf-gcc' failed with exit code 1
      [end of output]
  
  note: This error originates from a subprocess, and is likely not a problem with pip.
  ERROR: Failed building wheel for spidev
ERROR: Could not build wheels for pillow, spidev, which is required to install pyproject.toml-based projects
